<?xml version="1.0" encoding="UTF-8"?>
<!-- Generated by org.testng.reporters.JUnitXMLReporter -->
<testsuite ignored="0" hostname="Sushmas-MacBook-Air.local" failures="0" tests="3" name="SauceDemo Tests" time="19.619" errors="0" timestamp="2026-05-10T16:57:03 EDT">
  <testcase classname="tests.LoginTest" name="invalidLoginTest" time="4.334"/>
  <testcase classname="tests.LoginTest" name="validLoginTest" time="2.216"/>
  <testcase classname="tests.CheckoutTest" name="completeCheckoutFlowTest" time="2.586"/>
</testsuite> <!-- SauceDemo Tests -->
