<?xml version="1.0" encoding="UTF-8"?>
<testng-results ignored="0" total="3" passed="3" failed="0" skipped="0">
  <reporter-output>
  </reporter-output>
  <suite started-at="2026-05-10T16:56:43 EDT" name="SauceDemo UI Automation Suite" finished-at="2026-05-10T16:57:03 EDT" duration-ms="19619">
    <groups>
    </groups>
    <test started-at="2026-05-10T16:56:43 EDT" name="SauceDemo Tests" finished-at="2026-05-10T16:57:03 EDT" duration-ms="19619">
      <class name="tests.LoginTest">
        <test-method is-config="true" signature="setup()[pri:0, instance:tests.LoginTest@5db250b4]" started-at="2026-05-10T16:56:43 EDT" name="setup" finished-at="2026-05-10T16:56:46 EDT" duration-ms="3098" status="PASS">
          <reporter-output>
          </reporter-output>
        </test-method> <!-- setup -->
        <test-method signature="invalidLoginTest()[pri:0, instance:tests.LoginTest@5db250b4]" started-at="2026-05-10T16:56:46 EDT" name="invalidLoginTest" finished-at="2026-05-10T16:56:51 EDT" duration-ms="4334" status="PASS">
          <reporter-output>
          </reporter-output>
        </test-method> <!-- invalidLoginTest -->
        <test-method is-config="true" signature="tearDown()[pri:0, instance:tests.LoginTest@5db250b4]" started-at="2026-05-10T16:56:51 EDT" name="tearDown" finished-at="2026-05-10T16:56:51 EDT" duration-ms="104" status="PASS">
          <reporter-output>
          </reporter-output>
        </test-method> <!-- tearDown -->
        <test-method is-config="true" signature="setup()[pri:0, instance:tests.LoginTest@5db250b4]" started-at="2026-05-10T16:56:51 EDT" name="setup" finished-at="2026-05-10T16:56:53 EDT" duration-ms="2268" status="PASS">
          <reporter-output>
          </reporter-output>
        </test-method> <!-- setup -->
        <test-method signature="validLoginTest()[pri:0, instance:tests.LoginTest@5db250b4]" started-at="2026-05-10T16:56:53 EDT" name="validLoginTest" finished-at="2026-05-10T16:56:55 EDT" duration-ms="2216" status="PASS">
          <reporter-output>
          </reporter-output>
        </test-method> <!-- validLoginTest -->
        <test-method is-config="true" signature="tearDown()[pri:0, instance:tests.LoginTest@5db250b4]" started-at="2026-05-10T16:56:55 EDT" name="tearDown" finished-at="2026-05-10T16:56:55 EDT" duration-ms="99" status="PASS">
          <reporter-output>
          </reporter-output>
        </test-method> <!-- tearDown -->
      </class> <!-- tests.LoginTest -->
      <class name="tests.CheckoutTest">
        <test-method is-config="true" signature="setup()[pri:0, instance:tests.CheckoutTest@1a04f701]" started-at="2026-05-10T16:56:55 EDT" name="setup" finished-at="2026-05-10T16:57:00 EDT" duration-ms="4802" status="PASS">
          <reporter-output>
          </reporter-output>
        </test-method> <!-- setup -->
        <test-method signature="completeCheckoutFlowTest()[pri:0, instance:tests.CheckoutTest@1a04f701]" started-at="2026-05-10T16:57:00 EDT" name="completeCheckoutFlowTest" finished-at="2026-05-10T16:57:03 EDT" duration-ms="2586" status="PASS">
          <reporter-output>
          </reporter-output>
        </test-method> <!-- completeCheckoutFlowTest -->
        <test-method is-config="true" signature="tearDown()[pri:0, instance:tests.CheckoutTest@1a04f701]" started-at="2026-05-10T16:57:03 EDT" name="tearDown" finished-at="2026-05-10T16:57:03 EDT" duration-ms="93" status="PASS">
          <reporter-output>
          </reporter-output>
        </test-method> <!-- tearDown -->
      </class> <!-- tests.CheckoutTest -->
    </test> <!-- SauceDemo Tests -->
  </suite> <!-- SauceDemo UI Automation Suite -->
</testng-results>
