<?xml version="1.0" encoding="UTF-8"?>
<testng-results ignored="0" total="1" passed="1" failed="0" skipped="0">
  <reporter-output>
  </reporter-output>
  <suite started-at="2026-05-10T17:02:59 EDT" name="Surefire suite" finished-at="2026-05-10T17:03:06 EDT" duration-ms="6420">
    <groups>
    </groups>
    <test started-at="2026-05-10T17:02:59 EDT" name="Surefire test" finished-at="2026-05-10T17:03:06 EDT" duration-ms="6420">
      <class name="tests.CheckoutTest">
        <test-method is-config="true" signature="setup()[pri:0, instance:tests.CheckoutTest@3b2c72c2]" started-at="2026-05-10T17:02:59 EDT" name="setup" finished-at="2026-05-10T17:03:03 EDT" duration-ms="3652" status="PASS">
          <reporter-output>
          </reporter-output>
        </test-method> <!-- setup -->
        <test-method signature="completeCheckoutFlowTest()[pri:0, instance:tests.CheckoutTest@3b2c72c2]" started-at="2026-05-10T17:03:03 EDT" name="completeCheckoutFlowTest" finished-at="2026-05-10T17:03:06 EDT" duration-ms="2663" status="PASS">
          <reporter-output>
          </reporter-output>
        </test-method> <!-- completeCheckoutFlowTest -->
        <test-method is-config="true" signature="tearDown()[pri:0, instance:tests.CheckoutTest@3b2c72c2]" started-at="2026-05-10T17:03:06 EDT" name="tearDown" finished-at="2026-05-10T17:03:06 EDT" duration-ms="92" status="PASS">
          <reporter-output>
          </reporter-output>
        </test-method> <!-- tearDown -->
      </class> <!-- tests.CheckoutTest -->
    </test> <!-- Surefire test -->
  </suite> <!-- Surefire suite -->
</testng-results>
